<?xml version="1.0" encoding="UTF-8"?>
<!-- Generated by org.testng.reporters.JUnitReportReporter -->
<testsuite hostname="Mukeshs-MacBook-Air.local" failures="0" tests="4" name="tests.BookingAPITests_DDT" time="11.358" errors="0" timestamp="2025-05-31T23:31:35 IST" skipped="0">
  <testcase classname="tests.BookingAPITests_DDT" name="createNewBookingTest" time="1.715"/>
  <testcase classname="tests.BookingAPITests_DDT" name="createNewBookingTest" time="6.503"/>
  <testcase classname="tests.BookingAPITests_DDT" name="createNewBookingTest" time="1.564"/>
  <testcase classname="tests.BookingAPITests_DDT" name="createNewBookingTest" time="1.576"/>
</testsuite> <!-- tests.BookingAPITests_DDT -->
