<?xml version="1.0" encoding="UTF-8"?>
<!-- Generated by org.testng.reporters.JUnitReportReporter -->
<testsuite hostname="Mukeshs-MacBook-Air.local" failures="0" tests="3" name="tests.BookingAPITests" time="9.588" errors="0" timestamp="2025-06-01T07:54:05 IST" skipped="0">
  <testcase classname="tests.BookingAPITests" name="createNewBookingTest" time="5.147"/>
  <testcase classname="tests.BookingAPITests" name="updateBookingID" time="3.008"/>
  <testcase classname="tests.BookingAPITests" name="deleteBooking" time="1.433"/>
</testsuite> <!-- tests.BookingAPITests -->
