<?xml version="1.0" encoding="UTF-8"?>
<!-- Generated by org.testng.reporters.JUnitReportReporter -->
<testsuite hostname="Mukeshs-MacBook-Air.local" failures="0" tests="3" name="tests.ProductAPITests" time="4.271" errors="0" timestamp="2025-06-06T23:55:12 IST" skipped="0">
  <testcase classname="tests.ProductAPITests" name="createNewProductTest" time="3.409"/>
  <testcase classname="tests.ProductAPITests" name="updateProductTest" time="0.553"/>
  <testcase classname="tests.ProductAPITests" name="deleteProductTest" time="0.309"/>
</testsuite> <!-- tests.ProductAPITests -->
