<?xml version="1.0" encoding="UTF-8"?>
<!-- Generated by org.testng.reporters.JUnitReportReporter -->
<testsuite hostname="Mukeshs-MacBook-Air.local" failures="0" tests="3" name="tests.BookingAPITests" time="6.529" errors="0" timestamp="2025-06-01T09:34:47 IST" skipped="0">
  <testcase classname="tests.BookingAPITests" name="createNewBookingTest" time="2.297"/>
  <testcase classname="tests.BookingAPITests" name="updateBookingID" time="2.832"/>
  <testcase classname="tests.BookingAPITests" name="deleteBooking" time="1.400"/>
</testsuite> <!-- tests.BookingAPITests -->
