<?xml version="1.0" encoding="UTF-8"?>
<!-- Generated by org.testng.reporters.JUnitReportReporter -->
<testsuite hostname="Mukeshs-MacBook-Air.local" failures="0" tests="1" name="tests.BookingAPITests2" time="1.305" errors="0" timestamp="2025-06-01T09:34:47 IST" skipped="0">
  <testcase classname="tests.BookingAPITests2" name="createNewBookingTest" time="1.305"/>
</testsuite> <!-- tests.BookingAPITests2 -->
